<?xml version="1.0" encoding="UTF-8"?>
<robot generator="Robot 7.0 (Python 3.12.1 on win32)" generated="2024-01-29T10:45:46.270393" rpa="false" schemaversion="5">
<suite id="s1" name="Test" source="c:\Users\kanja\test_Quiz\test.robot">
<kw name="Open Browser" owner="SeleniumLibrary" type="SETUP">
<msg time="2024-01-29T10:45:46.458109" level="INFO">Opening browser 'Chrome' to base url 'http://automationexercise.com'.</msg>
<arg>http://automationexercise.com</arg>
<arg>Chrome</arg>
<doc>Opens a new browser instance to the optional ``url``.</doc>
<status status="PASS" start="2024-01-29T10:45:46.457107" elapsed="6.569269"/>
</kw>
<test id="s1-t1" name="Search Products and Verify Cart After Login" line="29">
<kw name="Click Products button">
<kw name="Click Link" owner="SeleniumLibrary">
<msg time="2024-01-29T10:45:53.028930" level="INFO">Clicking link 'xpath: //*[contains(text(), "Products")]'.</msg>
<arg>xpath: //*[contains(text(), "Products")]</arg>
<doc>Clicks a link identified by ``locator``.</doc>
<status status="PASS" start="2024-01-29T10:45:53.027884" elapsed="2.153291"/>
</kw>
<status status="PASS" start="2024-01-29T10:45:53.027884" elapsed="2.153291"/>
</kw>
<kw name="Input Search">
<kw name="Input Text" owner="SeleniumLibrary">
<msg time="2024-01-29T10:45:55.182257" level="INFO">Typing text '$Product' into text field '//*[@id="search_product"]'.</msg>
<arg>//*[@id="search_product"]</arg>
<arg>${Product}</arg>
<doc>Types the given ``text`` into the text field identified by ``locator``.</doc>
<status status="PASS" start="2024-01-29T10:45:55.182257" elapsed="0.064297"/>
</kw>
<arg>$Product</arg>
<status status="PASS" start="2024-01-29T10:45:55.182257" elapsed="0.064297"/>
</kw>
<kw name="Click Search button">
<kw name="Click Button" owner="SeleniumLibrary">
<msg time="2024-01-29T10:45:55.248062" level="INFO">Clicking button '//*[@id="submit_search"]'.</msg>
<arg>//*[@id="submit_search"]</arg>
<doc>Clicks the button identified by ``locator``.</doc>
<status status="PASS" start="2024-01-29T10:45:55.248062" elapsed="0.830230"/>
</kw>
<status status="PASS" start="2024-01-29T10:45:55.248062" elapsed="0.830230"/>
</kw>
<kw name="Click Cart button">
<kw name="Click Link" owner="SeleniumLibrary">
<msg time="2024-01-29T10:45:56.079313" level="INFO">Clicking link 'xpath: //*[contains(text(), "Cart")]'.</msg>
<arg>xpath: //*[contains(text(), "Cart")]</arg>
<doc>Clicks a link identified by ``locator``.</doc>
<status status="PASS" start="2024-01-29T10:45:56.079313" elapsed="1.007633"/>
</kw>
<status status="PASS" start="2024-01-29T10:45:56.078292" elapsed="1.008654"/>
</kw>
<kw name="Click Signup/Login">
<kw name="Click Link" owner="SeleniumLibrary">
<msg time="2024-01-29T10:45:57.088029" level="INFO">Clicking link 'xpath: //*[contains(text(), " Signup / Login")]'.</msg>
<arg>xpath: //*[contains(text(), " Signup / Login")]</arg>
<doc>Clicks a link identified by ``locator``.</doc>
<status status="PASS" start="2024-01-29T10:45:57.088029" elapsed="0.739860"/>
</kw>
<status status="PASS" start="2024-01-29T10:45:57.086946" elapsed="0.740943"/>
</kw>
<doc>This testcase is expected to Search "Products" and Verify Cart AfterLogin</doc>
<status status="PASS" start="2024-01-29T10:45:53.026376" elapsed="4.801513"/>
</test>
<kw name="Close Browser" owner="SeleniumLibrary" type="TEARDOWN">
<doc>Closes the current browser.</doc>
<status status="PASS" start="2024-01-29T10:45:57.828901" elapsed="2.128120"/>
</kw>
<doc>This is a sample test suite using Robot Framework</doc>
<status status="PASS" start="2024-01-29T10:45:46.274497" elapsed="13.682524"/>
</suite>
<statistics>
<total>
<stat pass="1" fail="0" skip="0">All Tests</stat>
</total>
<tag>
</tag>
<suite>
<stat pass="1" fail="0" skip="0" id="s1" name="Test">Test</stat>
</suite>
</statistics>
<errors>
</errors>
</robot>
